{"ts":1678792162088,"action":"PROJECT_OPENED","tags":{"PROJECT_NAME":"Compose"}}
{"ts":1678792166996,"action":"IDE_DEACTIVATED"}
{"ts":1678792180004,"action":"IDE_ACTIVATED"}
{"ts":1678792190269,"action":"IDE_DEACTIVATED"}
{"ts":1678792192045,"action":"IDE_ACTIVATED"}
{"ts":1678792193947,"action":"IDE_DEACTIVATED"}
{"ts":1678792214460,"action":"IDE_ACTIVATED"}
{"ts":1678792223437,"action":"FILE_CLOSED","file":"/app/src/main/java/com/zizo/composeexample/MainActivity.kt","tags":{"FILE_LINE_OF_CODE":"40"}}
{"ts":1678792223437,"action":"FILE_OPENED","file":"/build.gradle","tags":{"FILE_LINE_OF_CODE":"10"}}
{"ts":1678792225592,"action":"FILE_CLOSED","file":"/build.gradle","tags":{"FILE_LINE_OF_CODE":"10"}}
{"ts":1678792225592,"action":"FILE_OPENED","file":"/app/build.gradle","tags":{"FILE_LINE_OF_CODE":"63"}}
{"ts":1678792243904,"action":"FILE_CLOSED","file":"/app/build.gradle","tags":{"FILE_LINE_OF_CODE":"63"}}
{"ts":1678792243904,"action":"FILE_OPENED","file":"/build.gradle","tags":{"FILE_LINE_OF_CODE":"10"}}
{"ts":1678792244788,"action":"FILE_CLOSED","file":"/build.gradle","tags":{"FILE_LINE_OF_CODE":"10"}}
{"ts":1678792244788,"action":"FILE_OPENED","file":"/app/src/main/java/com/zizo/composeexample/MainActivity.kt","tags":{"FILE_LINE_OF_CODE":"40"}}
{"ts":1678792260540,"action":"IDE_DEACTIVATED"}
{"ts":1678792275934,"action":"IDE_ACTIVATED"}
{"ts":1678792287349,"action":"IDE_DEACTIVATED"}
{"ts":1678792296874,"action":"IDE_ACTIVATED"}
{"ts":1678792303451,"action":"IDE_DEACTIVATED"}
{"ts":1678792311009,"action":"IDE_ACTIVATED"}
{"ts":1678792312848,"action":"IDE_DEACTIVATED"}
{"ts":1678792314542,"action":"IDE_ACTIVATED"}
{"ts":1678792335222,"action":"IDE_DEACTIVATED"}
{"ts":1678792343473,"action":"IDE_ACTIVATED"}
{"ts":1678792384908,"action":"IDE_DEACTIVATED"}
{"ts":1678792391309,"action":"IDE_ACTIVATED"}
{"ts":1678792393827,"action":"IDE_DEACTIVATED"}
{"ts":1678792428092,"action":"IDE_ACTIVATED"}
{"ts":1678792442046,"action":"IDE_DEACTIVATED"}
{"ts":1678792459580,"action":"IDE_ACTIVATED"}
{"ts":1678792462876,"action":"FILE_CLOSED","file":"/app/src/main/java/com/zizo/composeexample/MainActivity.kt","tags":{"FILE_LINE_OF_CODE":"38"}}
{"ts":1678792464843,"action":"FILE_OPENED","file":"/app/src/main/java/com/zizo/composeexample/MainActivity.kt","tags":{"FILE_LINE_OF_CODE":"38"}}
{"ts":1678792465809,"action":"IDE_DEACTIVATED"}
{"ts":1678792521177,"action":"IDE_ACTIVATED"}
{"ts":1678792527652,"action":"IDE_DEACTIVATED"}
{"ts":1678792533624,"action":"IDE_ACTIVATED"}
{"ts":1678792537805,"action":"IDE_DEACTIVATED"}
{"ts":1678792543959,"action":"IDE_ACTIVATED"}
{"ts":1678792564228,"action":"IDE_DEACTIVATED"}
{"ts":1678792575427,"action":"IDE_ACTIVATED"}
{"ts":1678792585157,"action":"IDE_DEACTIVATED"}
{"ts":1678795357369,"action":"IDE_ACTIVATED"}
{"ts":1678795392483,"action":"IDE_DEACTIVATED"}
{"ts":1678795452143,"action":"IDE_ACTIVATED"}
